<html>
<body>
<pre>
<h1>Build Log</h1>
<h3>
--------------------Configuration: Complex - Win32 Debug--------------------
</h3>
<h3>Command Lines</h3>
Creating temporary file "C:\DOCUME~1\ADMINI~1\LOCALS~1\Temp\RSPBD.tmp" with contents
[
kernel32.lib user32.lib gdi32.lib winspool.lib comdlg32.lib advapi32.lib shell32.lib ole32.lib oleaut32.lib uuid.lib odbc32.lib odbccp32.lib /nologo /subsystem:console /incremental:yes /pdb:"Debug/Complex.pdb" /debug /machine:I386 /out:"Debug/Complex.exe" /pdbtype:sept 
".\Debug\Complex.obj"
]
Creating command line "link.exe @C:\DOCUME~1\ADMINI~1\LOCALS~1\Temp\RSPBD.tmp"
<h3>Output Window</h3>
Linking...
nafxcwd.lib(thrdcore.obj) : error LNK2001: unresolved external symbol __endthreadex
nafxcwd.lib(thrdcore.obj) : error LNK2001: unresolved external symbol __beginthreadex
libcd.lib(crt0.obj) : error LNK2001: unresolved external symbol _main
Debug/Complex.exe : fatal error LNK1120: 3 unresolved externals
Ö´ÐÐ link.exe Ê±³ö´í.



<h3>Results</h3>
Complex.exe - 1 error(s), 0 warning(s)
</pre>
</body>
</html>
